Generated at 2014-11-08 14:41:58 -0500
Chef::Exceptions::FileNotFound: template[/etc/apache2/sites-available/phpapp.conf] (phpapp::default line 29) had an error: Chef::Exceptions::FileNotFound: Cookbook 'phpapp' (0.1.0) does not contain a file at any of these locations:
  templates/debian-7.7/site.conf.erb
  templates/debian/site.conf.erb
  templates/default/site.conf.erb

This cookbook _does_ contain: ['/root/chef-repo/cookbooks/phpapp/templates/default/site.config.erb','/root/chef-repo/cookbooks/phpapp/templates/default/wp-config.php.erb']
/opt/chef/embedded/lib/ruby/gems/1.9.1/gems/chef-11.16.4/lib/chef/cookbook_version.rb:319:in `preferred_manifest_record'
/opt/chef/embedded/lib/ruby/gems/1.9.1/gems/chef-11.16.4/lib/chef/cookbook_version.rb:327:in `preferred_filename_on_disk_location'
/opt/chef/embedded/lib/ruby/gems/1.9.1/gems/chef-11.16.4/lib/chef/provider/template_finder.rb:40:in `find'
/opt/chef/embedded/lib/ruby/gems/1.9.1/gems/chef-11.16.4/lib/chef/provider/template/content.rb:32:in `template_location'
/opt/chef/embedded/lib/ruby/gems/1.9.1/gems/chef-11.16.4/lib/chef/provider/template.rb:49:in `block in define_resource_requirements'
/opt/chef/embedded/lib/ruby/gems/1.9.1/gems/chef-11.16.4/lib/chef/mixin/why_run.rb:315:in `assert'
/opt/chef/embedded/lib/ruby/gems/1.9.1/gems/chef-11.16.4/lib/chef/provider/template.rb:47:in `define_resource_requirements'
/opt/chef/embedded/lib/ruby/gems/1.9.1/gems/chef-11.16.4/lib/chef/provider.rb:110:in `run_action'
/opt/chef/embedded/lib/ruby/gems/1.9.1/gems/chef-11.16.4/lib/chef/resource.rb:648:in `run_action'
/opt/chef/embedded/lib/ruby/gems/1.9.1/gems/chef-11.16.4/lib/chef/runner.rb:49:in `run_action'
/opt/chef/embedded/lib/ruby/gems/1.9.1/gems/chef-11.16.4/lib/chef/runner.rb:81:in `block (2 levels) in converge'
/opt/chef/embedded/lib/ruby/gems/1.9.1/gems/chef-11.16.4/lib/chef/runner.rb:81:in `each'
/opt/chef/embedded/lib/ruby/gems/1.9.1/gems/chef-11.16.4/lib/chef/runner.rb:81:in `block in converge'
/opt/chef/embedded/lib/ruby/gems/1.9.1/gems/chef-11.16.4/lib/chef/resource_collection.rb:98:in `block in execute_each_resource'
/opt/chef/embedded/lib/ruby/gems/1.9.1/gems/chef-11.16.4/lib/chef/resource_collection/stepable_iterator.rb:116:in `call'
/opt/chef/embedded/lib/ruby/gems/1.9.1/gems/chef-11.16.4/lib/chef/resource_collection/stepable_iterator.rb:116:in `call_iterator_block'
/opt/chef/embedded/lib/ruby/gems/1.9.1/gems/chef-11.16.4/lib/chef/resource_collection/stepable_iterator.rb:85:in `step'
/opt/chef/embedded/lib/ruby/gems/1.9.1/gems/chef-11.16.4/lib/chef/resource_collection/stepable_iterator.rb:104:in `iterate'
/opt/chef/embedded/lib/ruby/gems/1.9.1/gems/chef-11.16.4/lib/chef/resource_collection/stepable_iterator.rb:55:in `each_with_index'
/opt/chef/embedded/lib/ruby/gems/1.9.1/gems/chef-11.16.4/lib/chef/resource_collection.rb:96:in `execute_each_resource'
/opt/chef/embedded/lib/ruby/gems/1.9.1/gems/chef-11.16.4/lib/chef/runner.rb:80:in `converge'
/opt/chef/embedded/lib/ruby/gems/1.9.1/gems/chef-11.16.4/lib/chef/client.rb:345:in `converge'
/opt/chef/embedded/lib/ruby/gems/1.9.1/gems/chef-11.16.4/lib/chef/client.rb:431:in `do_run'
/opt/chef/embedded/lib/ruby/gems/1.9.1/gems/chef-11.16.4/lib/chef/client.rb:213:in `block in run'
/opt/chef/embedded/lib/ruby/gems/1.9.1/gems/chef-11.16.4/lib/chef/client.rb:207:in `fork'
/opt/chef/embedded/lib/ruby/gems/1.9.1/gems/chef-11.16.4/lib/chef/client.rb:207:in `run'
/opt/chef/embedded/lib/ruby/gems/1.9.1/gems/chef-11.16.4/lib/chef/application.rb:236:in `run_chef_client'
/opt/chef/embedded/lib/ruby/gems/1.9.1/gems/chef-11.16.4/lib/chef/application/solo.rb:226:in `block in run_application'
/opt/chef/embedded/lib/ruby/gems/1.9.1/gems/chef-11.16.4/lib/chef/application/solo.rb:218:in `loop'
/opt/chef/embedded/lib/ruby/gems/1.9.1/gems/chef-11.16.4/lib/chef/application/solo.rb:218:in `run_application'
/opt/chef/embedded/lib/ruby/gems/1.9.1/gems/chef-11.16.4/lib/chef/application.rb:55:in `run'
/opt/chef/embedded/lib/ruby/gems/1.9.1/gems/chef-11.16.4/bin/chef-solo:25:in `<top (required)>'
/usr/bin/chef-solo:23:in `load'
/usr/bin/chef-solo:23:in `<main>'